electron/flow-engine/llm-service.ts(23,45): error TS2307: Cannot find module '../../providers/provider' or its corresponding type declarations.
electron/flow-engine/llm-service.ts(24,27): error TS2307: Cannot find module '../../core/state' or its corresponding type declarations.
electron/flow-engine/llm-service.ts(25,32): error TS2307: Cannot find module '../../core/state' or its corresponding type declarations.
electron/flow-engine/llm-service.ts(27,34): error TS2307: Cannot find module '../../providers/rate-limit-tracker' or its corresponding type declarations.
electron/flow-engine/llm-service.ts(28,57): error TS2307: Cannot find module '../../providers/retry' or its corresponding type declarations.
electron/flow-engine/llm-service.ts(30,33): error TS2307: Cannot find module '../../data/defaultPricing' or its corresponding type declarations.
electron/flow-engine/llm-service.ts(33,32): error TS2307: Cannot find module '../../core/uiPayloadCache' or its corresponding type declarations.
electron/flow-engine/llm-service.ts(1072,35): error TS7031: Binding element 'attempt' implicitly has an 'any' type.
electron/flow-engine/llm-service.ts(1072,44): error TS7031: Binding element 'waitMs' implicitly has an 'any' type.
electron/flow-engine/llm-service.ts(1072,52): error TS7031: Binding element 'reason' implicitly has an 'any' type.
electron/flow-engine/nodes/readFile.ts(14,40): error TS2307: Cannot find module '../../../utils/workspace.js' or its corresponding type declarations.
electron/flow-engine/scheduler.ts(718,13): error TS2353: Object literal may only specify known properties, and 'executionId' does not exist in type '{ type: "error"; nodeId?: string | undefined; error: string; } & { sessionId?: string | undefined; }'.
electron/flow-engine/scheduler.ts(729,13): error TS2353: Object literal may only specify known properties, and 'executionId' does not exist in type '{ type: "error"; nodeId?: string | undefined; error: string; } & { sessionId?: string | undefined; }'.
electron/flow-engine/scheduler.ts(759,19): error TS2339: Property 'storeCache' does not exist on type 'FlowScheduler'.
electron/flow-engine/scheduler.ts(765,33): error TS2353: Object literal may only specify known properties, and 'data' does not exist in type 'Omit<ExecutionEvent, "executionId" | "nodeId" | "timestamp">'.
electron/flow-engine/scheduler.ts(771,18): error TS2322: Type '"badge"' is not assignable to type '"chunk" | "reasoning" | "tool_start" | "tool_end" | "tool_error" | "usage" | "usage_breakdown" | "done" | "error" | "rate_limit_wait"'.
electron/flow-engine/scheduler.ts(776,18): error TS2322: Type '"badgeUpdate"' is not assignable to type '"chunk" | "reasoning" | "tool_start" | "tool_end" | "tool_error" | "usage" | "usage_breakdown" | "done" | "error" | "rate_limit_wait"'.
electron/services/FlowProfileService.ts(97,9): error TS2740: Type 'Record<string, FlowProfile>' is missing the following properties from type 'FlowTemplate[]': length, pop, push, concat, and 28 more.
electron/services/FlowProfileService.ts(118,7): error TS2740: Type 'Record<string, FlowProfile>' is missing the following properties from type 'FlowTemplate[]': length, pop, push, concat, and 28 more.
electron/services/FlowProfileService.ts(132,7): error TS2322: Type '{ nodes: Node[]; edges: Edge[]; } | null' is not assignable to type 'FlowProfile | null'.
  Type '{ nodes: Node[]; edges: Edge[]; }' is missing the following properties from type 'FlowProfile': name, description, version
electron/services/FlowProfileService.ts(153,13): error TS2739: Type '{ name: string; nodes: any[]; edges: any[]; }' is missing the following properties from type 'FlowProfile': description, version
electron/services/FlowProfileService.ts(160,15): error TS2554: Expected 3-4 arguments, but got 2.
electron/services/FlowProfileService.ts(162,15): error TS2554: Expected 3-4 arguments, but got 2.
electron/services/FlowProfileService.ts(217,13): error TS2739: Type '{ name: string; nodes: any[]; edges: any[]; }' is missing the following properties from type 'FlowProfile': description, version
electron/services/FlowProfileService.ts(261,13): error TS2554: Expected 3-4 arguments, but got 2.
electron/services/ProviderService.ts(312,51): error TS2339: Property 'google' does not exist on type 'ApiKeys'.
electron/services/UiService.ts(100,23): error TS2511: Cannot create an instance of an abstract class.
electron/services/WorkspaceService.ts(7,1): error TS6133: 'EventEmitter' is declared but its value is never read.
electron/services/WorkspaceService.ts(10,36): error TS2307: Cannot find module '../store/utils/constants.js' or its corresponding type declarations.
electron/services/WorkspaceService.ts(55,14): error TS2307: Cannot find module '../menu/index.js' or its corresponding type declarations.
electron/store/index.ts(46,3): error TS2305: Module '"./types.js"' has no exported member 'WindowState'.
electron/tools/code/applyEditsTargeted.ts(280,30): error TS2552: Cannot find name 'tsVerify'. Did you mean 'verify'?
electron/tools/workspace/searchWorkspace.ts(31,10): error TS6133: 'normalizeLanguageAliases' is declared but its value is never read.
electron/utils/edits.ts(9,1): error TS6133: 'ServiceRegistry' is declared but its value is never read.
electron/utils/workspace-session.ts(6,1): error TS6133: 'ServiceRegistry' is declared but its value is never read.
electron/utils/workspace.ts(29,30): error TS2347: Untyped function calls may not accept type arguments.
src/components/GlobalSessionPanel.tsx(33,22): error TS2304: Cannot find name 'getBackendClient'.
